[0.028s] Invoking command in '/home/karan/robot_ws/src/build/my_bot': CMAKE_PREFIX_PATH=${CMAKE_PREFIX_PATH}:/opt/ros/rolling /usr/bin/cmake --build /home/karan/robot_ws/src/build/my_bot -- -j8 -l8
[0.212s] Invoked command in '/home/karan/robot_ws/src/build/my_bot' returned '0': CMAKE_PREFIX_PATH=${CMAKE_PREFIX_PATH}:/opt/ros/rolling /usr/bin/cmake --build /home/karan/robot_ws/src/build/my_bot -- -j8 -l8
[0.237s] Invoking command in '/home/karan/robot_ws/src/build/my_bot': CMAKE_PREFIX_PATH=${CMAKE_PREFIX_PATH}:/opt/ros/rolling /usr/bin/cmake --install /home/karan/robot_ws/src/build/my_bot
[0.254s] -- Install configuration: ""
[0.256s] -- Execute custom install script
[0.259s] -- Up-to-date symlink: /home/karan/robot_ws/src/install/my_bot/share/my_bot/config/diff_controllers.yaml
[0.259s] -- Up-to-date symlink: /home/karan/robot_ws/src/install/my_bot/share/my_bot/config/empty.yaml
[0.261s] -- Up-to-date symlink: /home/karan/robot_ws/src/install/my_bot/share/my_bot/description/gazebo_control.xacro
[0.262s] -- Up-to-date symlink: /home/karan/robot_ws/src/install/my_bot/share/my_bot/description/inertial_macros.xacro
[0.263s] -- Up-to-date symlink: /home/karan/robot_ws/src/install/my_bot/share/my_bot/description/robot.urdf.xacro
[0.264s] -- Up-to-date symlink: /home/karan/robot_ws/src/install/my_bot/share/my_bot/description/robot_core.xacro
[0.265s] -- Up-to-date symlink: /home/karan/robot_ws/src/install/my_bot/share/my_bot/launch/launch_sim.launch.py
[0.265s] -- Up-to-date symlink: /home/karan/robot_ws/src/install/my_bot/share/my_bot/launch/rsp.launch.py
[0.265s] -- Up-to-date symlink: /home/karan/robot_ws/src/install/my_bot/share/my_bot/worlds/empty.world
[0.266s] -- Up-to-date symlink: /home/karan/robot_ws/src/install/my_bot/share/ament_index/resource_index/package_run_dependencies/my_bot
[0.267s] -- Up-to-date symlink: /home/karan/robot_ws/src/install/my_bot/share/ament_index/resource_index/parent_prefix_path/my_bot
[0.268s] -- Up-to-date symlink: /home/karan/robot_ws/src/install/my_bot/share/my_bot/environment/ament_prefix_path.sh
[0.269s] -- Up-to-date symlink: /home/karan/robot_ws/src/install/my_bot/share/my_bot/environment/ament_prefix_path.dsv
[0.271s] -- Up-to-date symlink: /home/karan/robot_ws/src/install/my_bot/share/my_bot/environment/path.sh
[0.272s] -- Up-to-date symlink: /home/karan/robot_ws/src/install/my_bot/share/my_bot/environment/path.dsv
[0.273s] -- Up-to-date symlink: /home/karan/robot_ws/src/install/my_bot/share/my_bot/local_setup.bash
[0.274s] -- Up-to-date symlink: /home/karan/robot_ws/src/install/my_bot/share/my_bot/local_setup.sh
[0.275s] -- Up-to-date symlink: /home/karan/robot_ws/src/install/my_bot/share/my_bot/local_setup.zsh
[0.276s] -- Up-to-date symlink: /home/karan/robot_ws/src/install/my_bot/share/my_bot/local_setup.dsv
[0.277s] -- Symlinking: /home/karan/robot_ws/src/install/my_bot/share/my_bot/package.dsv
[0.299s] -- Up-to-date symlink: /home/karan/robot_ws/src/install/my_bot/share/ament_index/resource_index/packages/my_bot
[0.300s] -- Up-to-date symlink: /home/karan/robot_ws/src/install/my_bot/share/my_bot/cmake/my_botConfig.cmake
[0.301s] -- Up-to-date symlink: /home/karan/robot_ws/src/install/my_bot/share/my_bot/cmake/my_botConfig-version.cmake
[0.302s] -- Up-to-date symlink: /home/karan/robot_ws/src/install/my_bot/share/my_bot/package.xml
[0.307s] Invoked command in '/home/karan/robot_ws/src/build/my_bot' returned '0': CMAKE_PREFIX_PATH=${CMAKE_PREFIX_PATH}:/opt/ros/rolling /usr/bin/cmake --install /home/karan/robot_ws/src/build/my_bot
