-- Found ament_cmake: 2.8.4 (/opt/ros/rolling/share/ament_cmake/cmake)
-- Override CMake install command with custom implementation using symlinks instead of copying resources
-- Found ament_lint_auto: 0.20.3 (/opt/ros/rolling/share/ament_lint_auto/cmake)
-- Added test 'copyright' to check source files copyright and LICENSE
-- Added test 'flake8' to check Python code syntax and style conventions
-- Configured 'flake8' exclude dirs and/or files: 
-- Added test 'lint_cmake' to check CMake code style
-- Added test 'pep257' to check Python code against some of the docstring style conventions in PEP 257
-- Added test 'xmllint' to check XML markup files
-- Configuring done (0.7s)
-- Generating done (0.0s)
-- Build files have been written to: /home/karan/robot_ws/src/build/my_bot
-- Install configuration: ""
-- Execute custom install script
-- Symlinking: /home/karan/robot_ws/src/install/my_bot/share/my_bot/config/empty.yaml
-- Symlinking: /home/karan/robot_ws/src/install/my_bot/share/my_bot/description/robot.urdf.xacro
-- Symlinking: /home/karan/robot_ws/src/install/my_bot/share/my_bot/description/robot_core.xacro
-- Symlinking: /home/karan/robot_ws/src/install/my_bot/share/my_bot/launch/rsp.launch.py
-- Symlinking: /home/karan/robot_ws/src/install/my_bot/share/my_bot/worlds/empty.world
-- Symlinking: /home/karan/robot_ws/src/install/my_bot/share/ament_index/resource_index/package_run_dependencies/my_bot
-- Symlinking: /home/karan/robot_ws/src/install/my_bot/share/ament_index/resource_index/parent_prefix_path/my_bot
-- Symlinking: /home/karan/robot_ws/src/install/my_bot/share/my_bot/environment/ament_prefix_path.sh
-- Symlinking: /home/karan/robot_ws/src/install/my_bot/share/my_bot/environment/ament_prefix_path.dsv
-- Symlinking: /home/karan/robot_ws/src/install/my_bot/share/my_bot/environment/path.sh
-- Symlinking: /home/karan/robot_ws/src/install/my_bot/share/my_bot/environment/path.dsv
-- Symlinking: /home/karan/robot_ws/src/install/my_bot/share/my_bot/local_setup.bash
-- Symlinking: /home/karan/robot_ws/src/install/my_bot/share/my_bot/local_setup.sh
-- Symlinking: /home/karan/robot_ws/src/install/my_bot/share/my_bot/local_setup.zsh
-- Symlinking: /home/karan/robot_ws/src/install/my_bot/share/my_bot/local_setup.dsv
-- Symlinking: /home/karan/robot_ws/src/install/my_bot/share/my_bot/package.dsv
-- Symlinking: /home/karan/robot_ws/src/install/my_bot/share/ament_index/resource_index/packages/my_bot
-- Symlinking: /home/karan/robot_ws/src/install/my_bot/share/my_bot/cmake/my_botConfig.cmake
-- Symlinking: /home/karan/robot_ws/src/install/my_bot/share/my_bot/cmake/my_botConfig-version.cmake
-- Symlinking: /home/karan/robot_ws/src/install/my_bot/share/my_bot/package.xml
