[0.025s] Invoking command in '/home/karan/robot_ws/src/build/my_bot': CMAKE_PREFIX_PATH=${CMAKE_PREFIX_PATH}:/opt/ros/rolling /usr/bin/cmake --build /home/karan/robot_ws/src/build/my_bot -- -j8 -l8
[0.113s] Invoked command in '/home/karan/robot_ws/src/build/my_bot' returned '0': CMAKE_PREFIX_PATH=${CMAKE_PREFIX_PATH}:/opt/ros/rolling /usr/bin/cmake --build /home/karan/robot_ws/src/build/my_bot -- -j8 -l8
[0.141s] Invoking command in '/home/karan/robot_ws/src/build/my_bot': CMAKE_PREFIX_PATH=${CMAKE_PREFIX_PATH}:/opt/ros/rolling /usr/bin/cmake --install /home/karan/robot_ws/src/build/my_bot
[0.160s] -- Install configuration: ""
[0.161s] -- Execute custom install script
[0.162s] -- Up-to-date symlink: /home/karan/robot_ws/src/install/my_bot/share/my_bot/config/empty.yaml
[0.163s] -- Up-to-date symlink: /home/karan/robot_ws/src/install/my_bot/share/my_bot/description/inertial_macros.xacro
[0.163s] -- Up-to-date symlink: /home/karan/robot_ws/src/install/my_bot/share/my_bot/description/robot.urdf.xacro
[0.164s] -- Up-to-date symlink: /home/karan/robot_ws/src/install/my_bot/share/my_bot/description/robot_core.xacro
[0.164s] -- Up-to-date symlink: /home/karan/robot_ws/src/install/my_bot/share/my_bot/launch/launch_sim.launch.py
[0.164s] -- Up-to-date symlink: /home/karan/robot_ws/src/install/my_bot/share/my_bot/launch/rsp.launch.py
[0.165s] -- Up-to-date symlink: /home/karan/robot_ws/src/install/my_bot/share/my_bot/worlds/empty.world
[0.166s] -- Up-to-date symlink: /home/karan/robot_ws/src/install/my_bot/share/ament_index/resource_index/package_run_dependencies/my_bot
[0.166s] -- Up-to-date symlink: /home/karan/robot_ws/src/install/my_bot/share/ament_index/resource_index/parent_prefix_path/my_bot
[0.167s] -- Up-to-date symlink: /home/karan/robot_ws/src/install/my_bot/share/my_bot/environment/ament_prefix_path.sh
[0.167s] -- Up-to-date symlink: /home/karan/robot_ws/src/install/my_bot/share/my_bot/environment/ament_prefix_path.dsv
[0.168s] -- Up-to-date symlink: /home/karan/robot_ws/src/install/my_bot/share/my_bot/environment/path.sh
[0.168s] -- Up-to-date symlink: /home/karan/robot_ws/src/install/my_bot/share/my_bot/environment/path.dsv
[0.169s] -- Up-to-date symlink: /home/karan/robot_ws/src/install/my_bot/share/my_bot/local_setup.bash
[0.169s] -- Up-to-date symlink: /home/karan/robot_ws/src/install/my_bot/share/my_bot/local_setup.sh
[0.169s] -- Up-to-date symlink: /home/karan/robot_ws/src/install/my_bot/share/my_bot/local_setup.zsh
[0.170s] -- Up-to-date symlink: /home/karan/robot_ws/src/install/my_bot/share/my_bot/local_setup.dsv
[0.170s] -- Symlinking: /home/karan/robot_ws/src/install/my_bot/share/my_bot/package.dsv
[0.203s] -- Up-to-date symlink: /home/karan/robot_ws/src/install/my_bot/share/ament_index/resource_index/packages/my_bot
[0.204s] -- Up-to-date symlink: /home/karan/robot_ws/src/install/my_bot/share/my_bot/cmake/my_botConfig.cmake
[0.204s] -- Up-to-date symlink: /home/karan/robot_ws/src/install/my_bot/share/my_bot/cmake/my_botConfig-version.cmake
[0.205s] -- Up-to-date symlink: /home/karan/robot_ws/src/install/my_bot/share/my_bot/package.xml
[0.211s] Invoked command in '/home/karan/robot_ws/src/build/my_bot' returned '0': CMAKE_PREFIX_PATH=${CMAKE_PREFIX_PATH}:/opt/ros/rolling /usr/bin/cmake --install /home/karan/robot_ws/src/build/my_bot
