[0.058s] Invoking command in '/home/karan/robot_ws/src/build/my_bot': CMAKE_PREFIX_PATH=${CMAKE_PREFIX_PATH}:/opt/ros/rolling /usr/bin/cmake /home/karan/robot_ws/src/my_bot -DCMAKE_INSTALL_PREFIX=/home/karan/robot_ws/src/install/my_bot
[0.676s] -- The C compiler identification is GNU 13.3.0
[2.773s] -- The CXX compiler identification is GNU 13.3.0
[4.716s] -- Detecting C compiler ABI info
[5.833s] -- Detecting C compiler ABI info - done
[5.855s] -- Check for working C compiler: /usr/bin/cc - skipped
[5.856s] -- Detecting C compile features
[5.857s] -- Detecting C compile features - done
[6.195s] -- Detecting CXX compiler ABI info
[7.224s] -- Detecting CXX compiler ABI info - done
[7.247s] -- Check for working CXX compiler: /usr/bin/c++ - skipped
[7.248s] -- Detecting CXX compile features
[7.249s] -- Detecting CXX compile features - done
[7.263s] -- Found ament_cmake: 2.8.4 (/opt/ros/rolling/share/ament_cmake/cmake)
[7.869s] -- Found Python3: /usr/bin/python3 (found version "3.12.3") found components: Interpreter 
[8.465s] -- Found ament_lint_auto: 0.20.3 (/opt/ros/rolling/share/ament_lint_auto/cmake)
[8.881s] -- Added test 'copyright' to check source files copyright and LICENSE
[8.909s] -- Added test 'flake8' to check Python code syntax and style conventions
[8.909s] -- Configured 'flake8' exclude dirs and/or files: 
[8.916s] -- Added test 'lint_cmake' to check CMake code style
[8.922s] -- Added test 'pep257' to check Python code against some of the docstring style conventions in PEP 257
[8.935s] -- Added test 'xmllint' to check XML markup files
[8.942s] -- Configuring done (8.8s)
[8.967s] -- Generating done (0.0s)
[8.975s] -- Build files have been written to: /home/karan/robot_ws/src/build/my_bot
[8.997s] Invoked command in '/home/karan/robot_ws/src/build/my_bot' returned '0': CMAKE_PREFIX_PATH=${CMAKE_PREFIX_PATH}:/opt/ros/rolling /usr/bin/cmake /home/karan/robot_ws/src/my_bot -DCMAKE_INSTALL_PREFIX=/home/karan/robot_ws/src/install/my_bot
[9.003s] Invoking command in '/home/karan/robot_ws/src/build/my_bot': CMAKE_PREFIX_PATH=${CMAKE_PREFIX_PATH}:/opt/ros/rolling /usr/bin/cmake --build /home/karan/robot_ws/src/build/my_bot -- -j8 -l8
[9.185s] Invoked command in '/home/karan/robot_ws/src/build/my_bot' returned '0': CMAKE_PREFIX_PATH=${CMAKE_PREFIX_PATH}:/opt/ros/rolling /usr/bin/cmake --build /home/karan/robot_ws/src/build/my_bot -- -j8 -l8
[9.228s] Invoking command in '/home/karan/robot_ws/src/build/my_bot': CMAKE_PREFIX_PATH=${CMAKE_PREFIX_PATH}:/opt/ros/rolling /usr/bin/cmake --install /home/karan/robot_ws/src/build/my_bot
[9.260s] -- Install configuration: ""
[9.260s] -- Installing: /home/karan/robot_ws/src/install/my_bot/share/my_bot/config
[9.265s] -- Installing: /home/karan/robot_ws/src/install/my_bot/share/my_bot/config/empty.yaml
[9.265s] -- Installing: /home/karan/robot_ws/src/install/my_bot/share/my_bot/description
[9.267s] -- Installing: /home/karan/robot_ws/src/install/my_bot/share/my_bot/description/robot_core.xacro
[9.269s] -- Installing: /home/karan/robot_ws/src/install/my_bot/share/my_bot/description/robot.urdf.xacro
[9.269s] -- Installing: /home/karan/robot_ws/src/install/my_bot/share/my_bot/launch
[9.271s] -- Installing: /home/karan/robot_ws/src/install/my_bot/share/my_bot/launch/rsp.launch.py
[9.271s] -- Installing: /home/karan/robot_ws/src/install/my_bot/share/my_bot/worlds
[9.273s] -- Installing: /home/karan/robot_ws/src/install/my_bot/share/my_bot/worlds/empty.world
[9.277s] -- Installing: /home/karan/robot_ws/src/install/my_bot/share/ament_index/resource_index/package_run_dependencies/my_bot
[9.279s] -- Installing: /home/karan/robot_ws/src/install/my_bot/share/ament_index/resource_index/parent_prefix_path/my_bot
[9.281s] -- Installing: /home/karan/robot_ws/src/install/my_bot/share/my_bot/environment/ament_prefix_path.sh
[9.281s] -- Installing: /home/karan/robot_ws/src/install/my_bot/share/my_bot/environment/ament_prefix_path.dsv
[9.282s] -- Installing: /home/karan/robot_ws/src/install/my_bot/share/my_bot/environment/path.sh
[9.282s] -- Installing: /home/karan/robot_ws/src/install/my_bot/share/my_bot/environment/path.dsv
[9.283s] -- Installing: /home/karan/robot_ws/src/install/my_bot/share/my_bot/local_setup.bash
[9.284s] -- Installing: /home/karan/robot_ws/src/install/my_bot/share/my_bot/local_setup.sh
[9.285s] -- Installing: /home/karan/robot_ws/src/install/my_bot/share/my_bot/local_setup.zsh
[9.286s] -- Installing: /home/karan/robot_ws/src/install/my_bot/share/my_bot/local_setup.dsv
[9.287s] -- Installing: /home/karan/robot_ws/src/install/my_bot/share/my_bot/package.dsv
[9.290s] -- Installing: /home/karan/robot_ws/src/install/my_bot/share/ament_index/resource_index/packages/my_bot
[9.294s] -- Installing: /home/karan/robot_ws/src/install/my_bot/share/my_bot/cmake/my_botConfig.cmake
[9.295s] -- Installing: /home/karan/robot_ws/src/install/my_bot/share/my_bot/cmake/my_botConfig-version.cmake
[9.297s] -- Installing: /home/karan/robot_ws/src/install/my_bot/share/my_bot/package.xml
[9.325s] Invoked command in '/home/karan/robot_ws/src/build/my_bot' returned '0': CMAKE_PREFIX_PATH=${CMAKE_PREFIX_PATH}:/opt/ros/rolling /usr/bin/cmake --install /home/karan/robot_ws/src/build/my_bot
