[0.703s] DEBUG:colcon:Command line arguments: ['/usr/bin/colcon', 'build', '--symlink-install']
[0.704s] DEBUG:colcon:Parsed command line arguments: Namespace(log_base=None, log_level=None, verb_name='build', build_base='build', install_base='install', merge_install=False, symlink_install=True, test_result_base=None, continue_on_error=False, executor='parallel', parallel_workers=8, event_handlers=None, ignore_user_meta=False, metas=['./colcon.meta'], base_paths=['.'], packages_ignore=None, packages_ignore_regex=None, paths=None, packages_up_to=None, packages_up_to_regex=None, packages_above=None, packages_above_and_dependencies=None, packages_above_depth=None, packages_select_by_dep=None, packages_skip_by_dep=None, packages_skip_up_to=None, packages_select_build_failed=False, packages_skip_build_finished=False, packages_select_test_failures=False, packages_skip_test_passed=False, packages_select=None, packages_skip=None, packages_select_regex=None, packages_skip_regex=None, packages_start=None, packages_end=None, allow_overriding=[], cmake_args=None, cmake_target=None, cmake_target_skip_unavailable=False, cmake_clean_cache=False, cmake_clean_first=False, cmake_force_configure=False, ament_cmake_args=None, catkin_cmake_args=None, catkin_skip_building_tests=False, mixin_files=None, mixin=None, verb_parser=<colcon_mixin.mixin.mixin_argument.MixinArgumentDecorator object at 0x7bb5e0a6f650>, verb_extension=<colcon_core.verb.build.BuildVerb object at 0x7bb5e0a6f410>, main=<bound method BuildVerb.main of <colcon_core.verb.build.BuildVerb object at 0x7bb5e0a6f410>>, mixin_verb=('build',))
[0.828s] Level 1:colcon.colcon_core.package_discovery:discover_packages(colcon_meta) check parameters
[0.830s] Level 1:colcon.colcon_core.package_discovery:discover_packages(recursive) check parameters
[0.830s] Level 1:colcon.colcon_core.package_discovery:discover_packages(ignore) check parameters
[0.830s] Level 1:colcon.colcon_core.package_discovery:discover_packages(path) check parameters
[0.830s] Level 1:colcon.colcon_core.package_discovery:discover_packages(colcon_meta) discover
[0.830s] Level 1:colcon.colcon_core.package_discovery:discover_packages(recursive) discover
[0.830s] INFO:colcon.colcon_core.package_discovery:Crawling recursively for packages in '/home/karan/robot_ws/src'
[0.831s] Level 1:colcon.colcon_core.package_identification:_identify(.) by extensions ['ignore', 'ignore_ament_install']
[0.831s] Level 1:colcon.colcon_core.package_identification:_identify(.) by extension 'ignore'
[0.831s] Level 1:colcon.colcon_core.package_identification:_identify(.) by extension 'ignore_ament_install'
[0.831s] Level 1:colcon.colcon_core.package_identification:_identify(.) by extensions ['colcon_pkg']
[0.831s] Level 1:colcon.colcon_core.package_identification:_identify(.) by extension 'colcon_pkg'
[0.832s] Level 1:colcon.colcon_core.package_identification:_identify(.) by extensions ['colcon_meta']
[0.832s] Level 1:colcon.colcon_core.package_identification:_identify(.) by extension 'colcon_meta'
[0.832s] Level 1:colcon.colcon_core.package_identification:_identify(.) by extensions ['ros']
[0.832s] Level 1:colcon.colcon_core.package_identification:_identify(.) by extension 'ros'
[0.913s] Level 1:colcon.colcon_core.package_identification:_identify(.) by extensions ['cmake', 'python']
[0.913s] Level 1:colcon.colcon_core.package_identification:_identify(.) by extension 'cmake'
[0.913s] Level 1:colcon.colcon_core.package_identification:_identify(.) by extension 'python'
[0.914s] Level 1:colcon.colcon_core.package_identification:_identify(.) by extensions ['python_setup_py']
[0.914s] Level 1:colcon.colcon_core.package_identification:_identify(.) by extension 'python_setup_py'
[0.914s] Level 1:colcon.colcon_core.package_identification:_identify(build) by extensions ['ignore', 'ignore_ament_install']
[0.914s] Level 1:colcon.colcon_core.package_identification:_identify(build) by extension 'ignore'
[0.915s] Level 1:colcon.colcon_core.package_identification:_identify(build) ignored
[0.915s] Level 1:colcon.colcon_core.package_identification:_identify(config) by extensions ['ignore', 'ignore_ament_install']
[0.915s] Level 1:colcon.colcon_core.package_identification:_identify(config) by extension 'ignore'
[0.915s] Level 1:colcon.colcon_core.package_identification:_identify(config) by extension 'ignore_ament_install'
[0.916s] Level 1:colcon.colcon_core.package_identification:_identify(config) by extensions ['colcon_pkg']
[0.916s] Level 1:colcon.colcon_core.package_identification:_identify(config) by extension 'colcon_pkg'
[0.916s] Level 1:colcon.colcon_core.package_identification:_identify(config) by extensions ['colcon_meta']
[0.916s] Level 1:colcon.colcon_core.package_identification:_identify(config) by extension 'colcon_meta'
[0.916s] Level 1:colcon.colcon_core.package_identification:_identify(config) by extensions ['ros']
[0.916s] Level 1:colcon.colcon_core.package_identification:_identify(config) by extension 'ros'
[0.916s] Level 1:colcon.colcon_core.package_identification:_identify(config) by extensions ['cmake', 'python']
[0.916s] Level 1:colcon.colcon_core.package_identification:_identify(config) by extension 'cmake'
[0.916s] Level 1:colcon.colcon_core.package_identification:_identify(config) by extension 'python'
[0.916s] Level 1:colcon.colcon_core.package_identification:_identify(config) by extensions ['python_setup_py']
[0.917s] Level 1:colcon.colcon_core.package_identification:_identify(config) by extension 'python_setup_py'
[0.917s] Level 1:colcon.colcon_core.package_identification:_identify(install) by extensions ['ignore', 'ignore_ament_install']
[0.917s] Level 1:colcon.colcon_core.package_identification:_identify(install) by extension 'ignore'
[0.917s] Level 1:colcon.colcon_core.package_identification:_identify(install) ignored
[0.918s] Level 1:colcon.colcon_core.package_identification:_identify(log) by extensions ['ignore', 'ignore_ament_install']
[0.918s] Level 1:colcon.colcon_core.package_identification:_identify(log) by extension 'ignore'
[0.918s] Level 1:colcon.colcon_core.package_identification:_identify(log) ignored
[0.918s] Level 1:colcon.colcon_core.package_identification:_identify(my_bot) by extensions ['ignore', 'ignore_ament_install']
[0.918s] Level 1:colcon.colcon_core.package_identification:_identify(my_bot) by extension 'ignore'
[0.918s] Level 1:colcon.colcon_core.package_identification:_identify(my_bot) by extension 'ignore_ament_install'
[0.919s] Level 1:colcon.colcon_core.package_identification:_identify(my_bot) by extensions ['colcon_pkg']
[0.919s] Level 1:colcon.colcon_core.package_identification:_identify(my_bot) by extension 'colcon_pkg'
[0.919s] Level 1:colcon.colcon_core.package_identification:_identify(my_bot) by extensions ['colcon_meta']
[0.919s] Level 1:colcon.colcon_core.package_identification:_identify(my_bot) by extension 'colcon_meta'
[0.919s] Level 1:colcon.colcon_core.package_identification:_identify(my_bot) by extensions ['ros']
[0.919s] Level 1:colcon.colcon_core.package_identification:_identify(my_bot) by extension 'ros'
[0.925s] DEBUG:colcon.colcon_core.package_identification:Package 'my_bot' with type 'ros.ament_cmake' and name 'my_bot'
[0.925s] Level 1:colcon.colcon_core.package_discovery:discover_packages(recursive) using defaults
[0.925s] Level 1:colcon.colcon_core.package_discovery:discover_packages(ignore) discover
[0.926s] Level 1:colcon.colcon_core.package_discovery:discover_packages(ignore) using defaults
[0.926s] Level 1:colcon.colcon_core.package_discovery:discover_packages(path) discover
[0.926s] Level 1:colcon.colcon_core.package_discovery:discover_packages(path) using defaults
[0.975s] Level 1:colcon.colcon_core.package_discovery:discover_packages(prefix_path) check parameters
[0.975s] Level 1:colcon.colcon_core.package_discovery:discover_packages(prefix_path) discover
[0.984s] DEBUG:colcon.colcon_installed_package_information.package_discovery:Found 319 installed packages in /opt/ros/rolling
[0.988s] Level 1:colcon.colcon_core.package_discovery:discover_packages(prefix_path) using defaults
[1.105s] Level 5:colcon.colcon_core.verb:set package 'my_bot' build argument 'cmake_args' from command line to 'None'
[1.106s] Level 5:colcon.colcon_core.verb:set package 'my_bot' build argument 'cmake_target' from command line to 'None'
[1.106s] Level 5:colcon.colcon_core.verb:set package 'my_bot' build argument 'cmake_target_skip_unavailable' from command line to 'False'
[1.106s] Level 5:colcon.colcon_core.verb:set package 'my_bot' build argument 'cmake_clean_cache' from command line to 'False'
[1.106s] Level 5:colcon.colcon_core.verb:set package 'my_bot' build argument 'cmake_clean_first' from command line to 'False'
[1.106s] Level 5:colcon.colcon_core.verb:set package 'my_bot' build argument 'cmake_force_configure' from command line to 'False'
[1.106s] Level 5:colcon.colcon_core.verb:set package 'my_bot' build argument 'ament_cmake_args' from command line to 'None'
[1.106s] Level 5:colcon.colcon_core.verb:set package 'my_bot' build argument 'catkin_cmake_args' from command line to 'None'
[1.106s] Level 5:colcon.colcon_core.verb:set package 'my_bot' build argument 'catkin_skip_building_tests' from command line to 'False'
[1.106s] DEBUG:colcon.colcon_core.verb:Building package 'my_bot' with the following arguments: {'ament_cmake_args': None, 'build_base': '/home/karan/robot_ws/src/build/my_bot', 'catkin_cmake_args': None, 'catkin_skip_building_tests': False, 'cmake_args': None, 'cmake_clean_cache': False, 'cmake_clean_first': False, 'cmake_force_configure': False, 'cmake_target': None, 'cmake_target_skip_unavailable': False, 'install_base': '/home/karan/robot_ws/src/install/my_bot', 'merge_install': False, 'path': '/home/karan/robot_ws/src/my_bot', 'symlink_install': True, 'test_result_base': None}
[1.106s] INFO:colcon.colcon_core.executor:Executing jobs using 'parallel' executor
[1.110s] DEBUG:colcon.colcon_parallel_executor.executor.parallel:run_until_complete
[1.111s] INFO:colcon.colcon_ros.task.ament_cmake.build:Building ROS package in '/home/karan/robot_ws/src/my_bot' with build type 'ament_cmake'
[1.111s] INFO:colcon.colcon_cmake.task.cmake.build:Building CMake package in '/home/karan/robot_ws/src/my_bot'
[1.116s] INFO:colcon.colcon_core.plugin_system:Skipping extension 'colcon_core.shell.bat': Not used on non-Windows systems
[1.116s] INFO:colcon.colcon_core.shell:Skip shell extension 'powershell' for command environment: Not usable outside of PowerShell
[1.117s] DEBUG:colcon.colcon_core.shell:Skip shell extension 'dsv' for command environment
[1.150s] DEBUG:colcon.colcon_core.event_handler.log_command:Invoking command in '/home/karan/robot_ws/src/build/my_bot': CMAKE_PREFIX_PATH=${CMAKE_PREFIX_PATH}:/opt/ros/rolling /usr/bin/cmake --build /home/karan/robot_ws/src/build/my_bot -- -j8 -l8
[1.307s] DEBUG:colcon.colcon_core.event_handler.log_command:Invoked command in '/home/karan/robot_ws/src/build/my_bot' returned '0': CMAKE_PREFIX_PATH=${CMAKE_PREFIX_PATH}:/opt/ros/rolling /usr/bin/cmake --build /home/karan/robot_ws/src/build/my_bot -- -j8 -l8
[1.354s] DEBUG:colcon.colcon_core.event_handler.log_command:Invoking command in '/home/karan/robot_ws/src/build/my_bot': CMAKE_PREFIX_PATH=${CMAKE_PREFIX_PATH}:/opt/ros/rolling /usr/bin/cmake --install /home/karan/robot_ws/src/build/my_bot
[1.462s] Level 1:colcon.colcon_core.environment:create_environment_scripts_only(my_bot)
[1.466s] DEBUG:colcon.colcon_core.event_handler.log_command:Invoked command in '/home/karan/robot_ws/src/build/my_bot' returned '0': CMAKE_PREFIX_PATH=${CMAKE_PREFIX_PATH}:/opt/ros/rolling /usr/bin/cmake --install /home/karan/robot_ws/src/build/my_bot
[1.469s] Level 1:colcon.colcon_core.environment:checking '/home/karan/robot_ws/src/install/my_bot' for CMake module files
[1.471s] Level 1:colcon.colcon_core.environment:checking '/home/karan/robot_ws/src/install/my_bot' for CMake config files
[1.472s] Level 1:colcon.colcon_core.shell:create_environment_hook('my_bot', 'cmake_prefix_path')
[1.472s] INFO:colcon.colcon_core.shell:Creating environment hook '/home/karan/robot_ws/src/install/my_bot/share/my_bot/hook/cmake_prefix_path.ps1'
[1.473s] INFO:colcon.colcon_core.shell:Creating environment descriptor '/home/karan/robot_ws/src/install/my_bot/share/my_bot/hook/cmake_prefix_path.dsv'
[1.474s] INFO:colcon.colcon_core.shell:Creating environment hook '/home/karan/robot_ws/src/install/my_bot/share/my_bot/hook/cmake_prefix_path.sh'
[1.476s] Level 1:colcon.colcon_core.environment:checking '/home/karan/robot_ws/src/install/my_bot/bin'
[1.476s] Level 1:colcon.colcon_core.environment:checking '/home/karan/robot_ws/src/install/my_bot/lib/pkgconfig/my_bot.pc'
[1.479s] Level 1:colcon.colcon_core.environment:checking '/home/karan/robot_ws/src/install/my_bot/lib/python3.12/site-packages'
[1.481s] Level 1:colcon.colcon_core.environment:checking '/home/karan/robot_ws/src/install/my_bot/bin'
[1.481s] INFO:colcon.colcon_core.shell:Creating package script '/home/karan/robot_ws/src/install/my_bot/share/my_bot/package.ps1'
[1.484s] INFO:colcon.colcon_core.shell:Creating package descriptor '/home/karan/robot_ws/src/install/my_bot/share/my_bot/package.dsv'
[1.486s] INFO:colcon.colcon_core.shell:Creating package script '/home/karan/robot_ws/src/install/my_bot/share/my_bot/package.sh'
[1.488s] INFO:colcon.colcon_core.shell:Creating package script '/home/karan/robot_ws/src/install/my_bot/share/my_bot/package.bash'
[1.489s] INFO:colcon.colcon_core.shell:Creating package script '/home/karan/robot_ws/src/install/my_bot/share/my_bot/package.zsh'
[1.492s] Level 1:colcon.colcon_core.environment:create_file_with_runtime_dependencies(/home/karan/robot_ws/src/install/my_bot/share/colcon-core/packages/my_bot)
[1.496s] Level 1:colcon.colcon_core.environment:create_environment_scripts_only(my_bot)
[1.499s] Level 1:colcon.colcon_core.environment:checking '/home/karan/robot_ws/src/install/my_bot' for CMake module files
[1.502s] Level 1:colcon.colcon_core.environment:checking '/home/karan/robot_ws/src/install/my_bot' for CMake config files
[1.505s] Level 1:colcon.colcon_core.shell:create_environment_hook('my_bot', 'cmake_prefix_path')
[1.506s] INFO:colcon.colcon_core.shell:Creating environment hook '/home/karan/robot_ws/src/install/my_bot/share/my_bot/hook/cmake_prefix_path.ps1'
[1.508s] INFO:colcon.colcon_core.shell:Creating environment descriptor '/home/karan/robot_ws/src/install/my_bot/share/my_bot/hook/cmake_prefix_path.dsv'
[1.510s] INFO:colcon.colcon_core.shell:Creating environment hook '/home/karan/robot_ws/src/install/my_bot/share/my_bot/hook/cmake_prefix_path.sh'
[1.514s] Level 1:colcon.colcon_core.environment:checking '/home/karan/robot_ws/src/install/my_bot/bin'
[1.515s] Level 1:colcon.colcon_core.environment:checking '/home/karan/robot_ws/src/install/my_bot/lib/pkgconfig/my_bot.pc'
[1.515s] Level 1:colcon.colcon_core.environment:checking '/home/karan/robot_ws/src/install/my_bot/lib/python3.12/site-packages'
[1.516s] Level 1:colcon.colcon_core.environment:checking '/home/karan/robot_ws/src/install/my_bot/bin'
[1.517s] INFO:colcon.colcon_core.shell:Creating package script '/home/karan/robot_ws/src/install/my_bot/share/my_bot/package.ps1'
[1.518s] INFO:colcon.colcon_core.shell:Creating package descriptor '/home/karan/robot_ws/src/install/my_bot/share/my_bot/package.dsv'
[1.519s] INFO:colcon.colcon_core.shell:Creating package script '/home/karan/robot_ws/src/install/my_bot/share/my_bot/package.sh'
[1.520s] INFO:colcon.colcon_core.shell:Creating package script '/home/karan/robot_ws/src/install/my_bot/share/my_bot/package.bash'
[1.522s] INFO:colcon.colcon_core.shell:Creating package script '/home/karan/robot_ws/src/install/my_bot/share/my_bot/package.zsh'
[1.523s] Level 1:colcon.colcon_core.environment:create_file_with_runtime_dependencies(/home/karan/robot_ws/src/install/my_bot/share/colcon-core/packages/my_bot)
[1.524s] DEBUG:colcon.colcon_parallel_executor.executor.parallel:closing loop
[1.526s] DEBUG:colcon.colcon_parallel_executor.executor.parallel:loop closed
[1.527s] DEBUG:colcon.colcon_parallel_executor.executor.parallel:run_until_complete finished with '0'
[1.527s] DEBUG:colcon.colcon_core.event_reactor:joining thread
[1.712s] INFO:colcon.colcon_core.plugin_system:Skipping extension 'colcon_notification.desktop_notification.notify_send': Could not find 'notify-send'
[1.712s] INFO:colcon.colcon_core.plugin_system:Skipping extension 'colcon_notification.desktop_notification.terminal_notifier': Not used on non-Darwin systems
[1.712s] INFO:colcon.colcon_core.plugin_system:Skipping extension 'colcon_notification.desktop_notification.win32': Not used on non-Windows systems
[1.712s] INFO:colcon.colcon_notification.desktop_notification:Sending desktop notification using 'notify2'
[1.715s] DEBUG:colcon.colcon_notification.desktop_notification.notify2:Failed to initialize notify2: org.freedesktop.DBus.Error.ServiceUnknown: The name org.freedesktop.Notifications was not provided by any .service files
[1.715s] DEBUG:colcon.colcon_core.event_reactor:joined thread
[1.716s] INFO:colcon.colcon_core.shell:Creating prefix script '/home/karan/robot_ws/src/install/local_setup.ps1'
[1.717s] INFO:colcon.colcon_core.shell:Creating prefix util module '/home/karan/robot_ws/src/install/_local_setup_util_ps1.py'
[1.719s] INFO:colcon.colcon_core.shell:Creating prefix chain script '/home/karan/robot_ws/src/install/setup.ps1'
[1.721s] INFO:colcon.colcon_core.shell:Creating prefix script '/home/karan/robot_ws/src/install/local_setup.sh'
[1.723s] INFO:colcon.colcon_core.shell:Creating prefix util module '/home/karan/robot_ws/src/install/_local_setup_util_sh.py'
[1.724s] INFO:colcon.colcon_core.shell:Creating prefix chain script '/home/karan/robot_ws/src/install/setup.sh'
[1.727s] INFO:colcon.colcon_core.shell:Creating prefix script '/home/karan/robot_ws/src/install/local_setup.bash'
[1.728s] INFO:colcon.colcon_core.shell:Creating prefix chain script '/home/karan/robot_ws/src/install/setup.bash'
[1.730s] INFO:colcon.colcon_core.shell:Creating prefix script '/home/karan/robot_ws/src/install/local_setup.zsh'
[1.732s] INFO:colcon.colcon_core.shell:Creating prefix chain script '/home/karan/robot_ws/src/install/setup.zsh'
