[0.305s] DEBUG:colcon:Command line arguments: ['/usr/bin/colcon', 'build', '--symlink-install']
[0.305s] DEBUG:colcon:Parsed command line arguments: Namespace(log_base=None, log_level=None, verb_name='build', build_base='build', install_base='install', merge_install=False, symlink_install=True, test_result_base=None, continue_on_error=False, executor='parallel', parallel_workers=8, event_handlers=None, ignore_user_meta=False, metas=['./colcon.meta'], base_paths=['.'], packages_ignore=None, packages_ignore_regex=None, paths=None, packages_up_to=None, packages_up_to_regex=None, packages_above=None, packages_above_and_dependencies=None, packages_above_depth=None, packages_select_by_dep=None, packages_skip_by_dep=None, packages_skip_up_to=None, packages_select_build_failed=False, packages_skip_build_finished=False, packages_select_test_failures=False, packages_skip_test_passed=False, packages_select=None, packages_skip=None, packages_select_regex=None, packages_skip_regex=None, packages_start=None, packages_end=None, allow_overriding=[], cmake_args=None, cmake_target=None, cmake_target_skip_unavailable=False, cmake_clean_cache=False, cmake_clean_first=False, cmake_force_configure=False, ament_cmake_args=None, catkin_cmake_args=None, catkin_skip_building_tests=False, mixin_files=None, mixin=None, verb_parser=<colcon_mixin.mixin.mixin_argument.MixinArgumentDecorator object at 0x78660b44fa70>, verb_extension=<colcon_core.verb.build.BuildVerb object at 0x78660b44f740>, main=<bound method BuildVerb.main of <colcon_core.verb.build.BuildVerb object at 0x78660b44f740>>, mixin_verb=('build',))
[0.379s] Level 1:colcon.colcon_core.package_discovery:discover_packages(colcon_meta) check parameters
[0.379s] Level 1:colcon.colcon_core.package_discovery:discover_packages(recursive) check parameters
[0.379s] Level 1:colcon.colcon_core.package_discovery:discover_packages(ignore) check parameters
[0.379s] Level 1:colcon.colcon_core.package_discovery:discover_packages(path) check parameters
[0.379s] Level 1:colcon.colcon_core.package_discovery:discover_packages(colcon_meta) discover
[0.379s] Level 1:colcon.colcon_core.package_discovery:discover_packages(recursive) discover
[0.380s] INFO:colcon.colcon_core.package_discovery:Crawling recursively for packages in '/home/karan/robot_ws/src'
[0.380s] Level 1:colcon.colcon_core.package_identification:_identify(.) by extensions ['ignore', 'ignore_ament_install']
[0.380s] Level 1:colcon.colcon_core.package_identification:_identify(.) by extension 'ignore'
[0.380s] Level 1:colcon.colcon_core.package_identification:_identify(.) by extension 'ignore_ament_install'
[0.380s] Level 1:colcon.colcon_core.package_identification:_identify(.) by extensions ['colcon_pkg']
[0.380s] Level 1:colcon.colcon_core.package_identification:_identify(.) by extension 'colcon_pkg'
[0.380s] Level 1:colcon.colcon_core.package_identification:_identify(.) by extensions ['colcon_meta']
[0.380s] Level 1:colcon.colcon_core.package_identification:_identify(.) by extension 'colcon_meta'
[0.380s] Level 1:colcon.colcon_core.package_identification:_identify(.) by extensions ['ros']
[0.380s] Level 1:colcon.colcon_core.package_identification:_identify(.) by extension 'ros'
[0.423s] Level 1:colcon.colcon_core.package_identification:_identify(.) by extensions ['cmake', 'python']
[0.423s] Level 1:colcon.colcon_core.package_identification:_identify(.) by extension 'cmake'
[0.423s] Level 1:colcon.colcon_core.package_identification:_identify(.) by extension 'python'
[0.423s] Level 1:colcon.colcon_core.package_identification:_identify(.) by extensions ['python_setup_py']
[0.423s] Level 1:colcon.colcon_core.package_identification:_identify(.) by extension 'python_setup_py'
[0.423s] Level 1:colcon.colcon_core.package_identification:_identify(build) by extensions ['ignore', 'ignore_ament_install']
[0.424s] Level 1:colcon.colcon_core.package_identification:_identify(build) by extension 'ignore'
[0.424s] Level 1:colcon.colcon_core.package_identification:_identify(build) ignored
[0.424s] Level 1:colcon.colcon_core.package_identification:_identify(config) by extensions ['ignore', 'ignore_ament_install']
[0.424s] Level 1:colcon.colcon_core.package_identification:_identify(config) by extension 'ignore'
[0.424s] Level 1:colcon.colcon_core.package_identification:_identify(config) by extension 'ignore_ament_install'
[0.424s] Level 1:colcon.colcon_core.package_identification:_identify(config) by extensions ['colcon_pkg']
[0.424s] Level 1:colcon.colcon_core.package_identification:_identify(config) by extension 'colcon_pkg'
[0.424s] Level 1:colcon.colcon_core.package_identification:_identify(config) by extensions ['colcon_meta']
[0.424s] Level 1:colcon.colcon_core.package_identification:_identify(config) by extension 'colcon_meta'
[0.424s] Level 1:colcon.colcon_core.package_identification:_identify(config) by extensions ['ros']
[0.425s] Level 1:colcon.colcon_core.package_identification:_identify(config) by extension 'ros'
[0.425s] Level 1:colcon.colcon_core.package_identification:_identify(config) by extensions ['cmake', 'python']
[0.425s] Level 1:colcon.colcon_core.package_identification:_identify(config) by extension 'cmake'
[0.425s] Level 1:colcon.colcon_core.package_identification:_identify(config) by extension 'python'
[0.425s] Level 1:colcon.colcon_core.package_identification:_identify(config) by extensions ['python_setup_py']
[0.425s] Level 1:colcon.colcon_core.package_identification:_identify(config) by extension 'python_setup_py'
[0.425s] Level 1:colcon.colcon_core.package_identification:_identify(install) by extensions ['ignore', 'ignore_ament_install']
[0.425s] Level 1:colcon.colcon_core.package_identification:_identify(install) by extension 'ignore'
[0.425s] Level 1:colcon.colcon_core.package_identification:_identify(install) ignored
[0.426s] Level 1:colcon.colcon_core.package_identification:_identify(log) by extensions ['ignore', 'ignore_ament_install']
[0.426s] Level 1:colcon.colcon_core.package_identification:_identify(log) by extension 'ignore'
[0.426s] Level 1:colcon.colcon_core.package_identification:_identify(log) ignored
[0.426s] Level 1:colcon.colcon_core.package_identification:_identify(my_bot) by extensions ['ignore', 'ignore_ament_install']
[0.426s] Level 1:colcon.colcon_core.package_identification:_identify(my_bot) by extension 'ignore'
[0.426s] Level 1:colcon.colcon_core.package_identification:_identify(my_bot) by extension 'ignore_ament_install'
[0.426s] Level 1:colcon.colcon_core.package_identification:_identify(my_bot) by extensions ['colcon_pkg']
[0.426s] Level 1:colcon.colcon_core.package_identification:_identify(my_bot) by extension 'colcon_pkg'
[0.426s] Level 1:colcon.colcon_core.package_identification:_identify(my_bot) by extensions ['colcon_meta']
[0.426s] Level 1:colcon.colcon_core.package_identification:_identify(my_bot) by extension 'colcon_meta'
[0.426s] Level 1:colcon.colcon_core.package_identification:_identify(my_bot) by extensions ['ros']
[0.426s] Level 1:colcon.colcon_core.package_identification:_identify(my_bot) by extension 'ros'
[0.430s] DEBUG:colcon.colcon_core.package_identification:Package 'my_bot' with type 'ros.ament_cmake' and name 'my_bot'
[0.430s] Level 1:colcon.colcon_core.package_discovery:discover_packages(recursive) using defaults
[0.430s] Level 1:colcon.colcon_core.package_discovery:discover_packages(ignore) discover
[0.430s] Level 1:colcon.colcon_core.package_discovery:discover_packages(ignore) using defaults
[0.430s] Level 1:colcon.colcon_core.package_discovery:discover_packages(path) discover
[0.430s] Level 1:colcon.colcon_core.package_discovery:discover_packages(path) using defaults
[0.460s] Level 1:colcon.colcon_core.package_discovery:discover_packages(prefix_path) check parameters
[0.460s] Level 1:colcon.colcon_core.package_discovery:discover_packages(prefix_path) discover
[0.465s] DEBUG:colcon.colcon_installed_package_information.package_discovery:Found 368 installed packages in /opt/ros/rolling
[0.467s] Level 1:colcon.colcon_core.package_discovery:discover_packages(prefix_path) using defaults
[0.549s] Level 5:colcon.colcon_core.verb:set package 'my_bot' build argument 'cmake_args' from command line to 'None'
[0.549s] Level 5:colcon.colcon_core.verb:set package 'my_bot' build argument 'cmake_target' from command line to 'None'
[0.549s] Level 5:colcon.colcon_core.verb:set package 'my_bot' build argument 'cmake_target_skip_unavailable' from command line to 'False'
[0.549s] Level 5:colcon.colcon_core.verb:set package 'my_bot' build argument 'cmake_clean_cache' from command line to 'False'
[0.549s] Level 5:colcon.colcon_core.verb:set package 'my_bot' build argument 'cmake_clean_first' from command line to 'False'
[0.549s] Level 5:colcon.colcon_core.verb:set package 'my_bot' build argument 'cmake_force_configure' from command line to 'False'
[0.549s] Level 5:colcon.colcon_core.verb:set package 'my_bot' build argument 'ament_cmake_args' from command line to 'None'
[0.549s] Level 5:colcon.colcon_core.verb:set package 'my_bot' build argument 'catkin_cmake_args' from command line to 'None'
[0.549s] Level 5:colcon.colcon_core.verb:set package 'my_bot' build argument 'catkin_skip_building_tests' from command line to 'False'
[0.549s] DEBUG:colcon.colcon_core.verb:Building package 'my_bot' with the following arguments: {'ament_cmake_args': None, 'build_base': '/home/karan/robot_ws/src/build/my_bot', 'catkin_cmake_args': None, 'catkin_skip_building_tests': False, 'cmake_args': None, 'cmake_clean_cache': False, 'cmake_clean_first': False, 'cmake_force_configure': False, 'cmake_target': None, 'cmake_target_skip_unavailable': False, 'install_base': '/home/karan/robot_ws/src/install/my_bot', 'merge_install': False, 'path': '/home/karan/robot_ws/src/my_bot', 'symlink_install': True, 'test_result_base': None}
[0.550s] INFO:colcon.colcon_core.executor:Executing jobs using 'parallel' executor
[0.551s] DEBUG:colcon.colcon_parallel_executor.executor.parallel:run_until_complete
[0.552s] INFO:colcon.colcon_ros.task.ament_cmake.build:Building ROS package in '/home/karan/robot_ws/src/my_bot' with build type 'ament_cmake'
[0.552s] INFO:colcon.colcon_cmake.task.cmake.build:Building CMake package in '/home/karan/robot_ws/src/my_bot'
[0.556s] INFO:colcon.colcon_core.plugin_system:Skipping extension 'colcon_core.shell.bat': Not used on non-Windows systems
[0.556s] INFO:colcon.colcon_core.shell:Skip shell extension 'powershell' for command environment: Not usable outside of PowerShell
[0.556s] DEBUG:colcon.colcon_core.shell:Skip shell extension 'dsv' for command environment
[0.582s] DEBUG:colcon.colcon_core.event_handler.log_command:Invoking command in '/home/karan/robot_ws/src/build/my_bot': CMAKE_PREFIX_PATH=${CMAKE_PREFIX_PATH}:/opt/ros/rolling /usr/bin/cmake --build /home/karan/robot_ws/src/build/my_bot -- -j8 -l8
[0.687s] DEBUG:colcon.colcon_core.event_handler.log_command:Invoked command in '/home/karan/robot_ws/src/build/my_bot' returned '0': CMAKE_PREFIX_PATH=${CMAKE_PREFIX_PATH}:/opt/ros/rolling /usr/bin/cmake --build /home/karan/robot_ws/src/build/my_bot -- -j8 -l8
[0.714s] DEBUG:colcon.colcon_core.event_handler.log_command:Invoking command in '/home/karan/robot_ws/src/build/my_bot': CMAKE_PREFIX_PATH=${CMAKE_PREFIX_PATH}:/opt/ros/rolling /usr/bin/cmake --install /home/karan/robot_ws/src/build/my_bot
[0.797s] Level 1:colcon.colcon_core.environment:create_environment_scripts_only(my_bot)
[0.798s] DEBUG:colcon.colcon_core.event_handler.log_command:Invoked command in '/home/karan/robot_ws/src/build/my_bot' returned '0': CMAKE_PREFIX_PATH=${CMAKE_PREFIX_PATH}:/opt/ros/rolling /usr/bin/cmake --install /home/karan/robot_ws/src/build/my_bot
[0.802s] Level 1:colcon.colcon_core.environment:checking '/home/karan/robot_ws/src/install/my_bot' for CMake module files
[0.803s] Level 1:colcon.colcon_core.environment:checking '/home/karan/robot_ws/src/install/my_bot' for CMake config files
[0.804s] Level 1:colcon.colcon_core.shell:create_environment_hook('my_bot', 'cmake_prefix_path')
[0.805s] INFO:colcon.colcon_core.shell:Creating environment hook '/home/karan/robot_ws/src/install/my_bot/share/my_bot/hook/cmake_prefix_path.ps1'
[0.806s] INFO:colcon.colcon_core.shell:Creating environment descriptor '/home/karan/robot_ws/src/install/my_bot/share/my_bot/hook/cmake_prefix_path.dsv'
[0.807s] INFO:colcon.colcon_core.shell:Creating environment hook '/home/karan/robot_ws/src/install/my_bot/share/my_bot/hook/cmake_prefix_path.sh'
[0.808s] Level 1:colcon.colcon_core.environment:checking '/home/karan/robot_ws/src/install/my_bot/bin'
[0.808s] Level 1:colcon.colcon_core.environment:checking '/home/karan/robot_ws/src/install/my_bot/lib/pkgconfig/my_bot.pc'
[0.809s] Level 1:colcon.colcon_core.environment:checking '/home/karan/robot_ws/src/install/my_bot/lib/python3.12/site-packages'
[0.809s] Level 1:colcon.colcon_core.environment:checking '/home/karan/robot_ws/src/install/my_bot/bin'
[0.809s] INFO:colcon.colcon_core.shell:Creating package script '/home/karan/robot_ws/src/install/my_bot/share/my_bot/package.ps1'
[0.811s] INFO:colcon.colcon_core.shell:Creating package descriptor '/home/karan/robot_ws/src/install/my_bot/share/my_bot/package.dsv'
[0.812s] INFO:colcon.colcon_core.shell:Creating package script '/home/karan/robot_ws/src/install/my_bot/share/my_bot/package.sh'
[0.813s] INFO:colcon.colcon_core.shell:Creating package script '/home/karan/robot_ws/src/install/my_bot/share/my_bot/package.bash'
[0.814s] INFO:colcon.colcon_core.shell:Creating package script '/home/karan/robot_ws/src/install/my_bot/share/my_bot/package.zsh'
[0.815s] Level 1:colcon.colcon_core.environment:create_file_with_runtime_dependencies(/home/karan/robot_ws/src/install/my_bot/share/colcon-core/packages/my_bot)
[0.816s] Level 1:colcon.colcon_core.environment:create_environment_scripts_only(my_bot)
[0.816s] Level 1:colcon.colcon_core.environment:checking '/home/karan/robot_ws/src/install/my_bot' for CMake module files
[0.817s] Level 1:colcon.colcon_core.environment:checking '/home/karan/robot_ws/src/install/my_bot' for CMake config files
[0.818s] Level 1:colcon.colcon_core.shell:create_environment_hook('my_bot', 'cmake_prefix_path')
[0.818s] INFO:colcon.colcon_core.shell:Creating environment hook '/home/karan/robot_ws/src/install/my_bot/share/my_bot/hook/cmake_prefix_path.ps1'
[0.819s] INFO:colcon.colcon_core.shell:Creating environment descriptor '/home/karan/robot_ws/src/install/my_bot/share/my_bot/hook/cmake_prefix_path.dsv'
[0.820s] INFO:colcon.colcon_core.shell:Creating environment hook '/home/karan/robot_ws/src/install/my_bot/share/my_bot/hook/cmake_prefix_path.sh'
[0.821s] Level 1:colcon.colcon_core.environment:checking '/home/karan/robot_ws/src/install/my_bot/bin'
[0.821s] Level 1:colcon.colcon_core.environment:checking '/home/karan/robot_ws/src/install/my_bot/lib/pkgconfig/my_bot.pc'
[0.822s] Level 1:colcon.colcon_core.environment:checking '/home/karan/robot_ws/src/install/my_bot/lib/python3.12/site-packages'
[0.822s] Level 1:colcon.colcon_core.environment:checking '/home/karan/robot_ws/src/install/my_bot/bin'
[0.822s] INFO:colcon.colcon_core.shell:Creating package script '/home/karan/robot_ws/src/install/my_bot/share/my_bot/package.ps1'
[0.823s] INFO:colcon.colcon_core.shell:Creating package descriptor '/home/karan/robot_ws/src/install/my_bot/share/my_bot/package.dsv'
[0.824s] INFO:colcon.colcon_core.shell:Creating package script '/home/karan/robot_ws/src/install/my_bot/share/my_bot/package.sh'
[0.825s] INFO:colcon.colcon_core.shell:Creating package script '/home/karan/robot_ws/src/install/my_bot/share/my_bot/package.bash'
[0.826s] INFO:colcon.colcon_core.shell:Creating package script '/home/karan/robot_ws/src/install/my_bot/share/my_bot/package.zsh'
[0.827s] Level 1:colcon.colcon_core.environment:create_file_with_runtime_dependencies(/home/karan/robot_ws/src/install/my_bot/share/colcon-core/packages/my_bot)
[0.827s] DEBUG:colcon.colcon_parallel_executor.executor.parallel:closing loop
[0.828s] DEBUG:colcon.colcon_parallel_executor.executor.parallel:loop closed
[0.828s] DEBUG:colcon.colcon_parallel_executor.executor.parallel:run_until_complete finished with '0'
[0.828s] DEBUG:colcon.colcon_core.event_reactor:joining thread
[0.892s] INFO:colcon.colcon_core.plugin_system:Skipping extension 'colcon_notification.desktop_notification.notify_send': Could not find 'notify-send'
[0.893s] INFO:colcon.colcon_core.plugin_system:Skipping extension 'colcon_notification.desktop_notification.terminal_notifier': Not used on non-Darwin systems
[0.893s] INFO:colcon.colcon_core.plugin_system:Skipping extension 'colcon_notification.desktop_notification.win32': Not used on non-Windows systems
[0.893s] INFO:colcon.colcon_notification.desktop_notification:Sending desktop notification using 'notify2'
[0.895s] DEBUG:colcon.colcon_notification.desktop_notification.notify2:Failed to initialize notify2: org.freedesktop.DBus.Error.ServiceUnknown: The name org.freedesktop.Notifications was not provided by any .service files
[0.896s] DEBUG:colcon.colcon_core.event_reactor:joined thread
[0.896s] INFO:colcon.colcon_core.shell:Creating prefix script '/home/karan/robot_ws/src/install/local_setup.ps1'
[0.898s] INFO:colcon.colcon_core.shell:Creating prefix util module '/home/karan/robot_ws/src/install/_local_setup_util_ps1.py'
[0.900s] INFO:colcon.colcon_core.shell:Creating prefix chain script '/home/karan/robot_ws/src/install/setup.ps1'
[0.902s] INFO:colcon.colcon_core.shell:Creating prefix script '/home/karan/robot_ws/src/install/local_setup.sh'
[0.903s] INFO:colcon.colcon_core.shell:Creating prefix util module '/home/karan/robot_ws/src/install/_local_setup_util_sh.py'
[0.905s] INFO:colcon.colcon_core.shell:Creating prefix chain script '/home/karan/robot_ws/src/install/setup.sh'
[0.907s] INFO:colcon.colcon_core.shell:Creating prefix script '/home/karan/robot_ws/src/install/local_setup.bash'
[0.908s] INFO:colcon.colcon_core.shell:Creating prefix chain script '/home/karan/robot_ws/src/install/setup.bash'
[0.910s] INFO:colcon.colcon_core.shell:Creating prefix script '/home/karan/robot_ws/src/install/local_setup.zsh'
[0.911s] INFO:colcon.colcon_core.shell:Creating prefix chain script '/home/karan/robot_ws/src/install/setup.zsh'
