[0.056s] Invoking command in '/home/karan/robot_ws/src/build/my_bot': CMAKE_PREFIX_PATH=${CMAKE_PREFIX_PATH}:/opt/ros/rolling /usr/bin/cmake --build /home/karan/robot_ws/src/build/my_bot -- -j8 -l8
[0.291s] Invoked command in '/home/karan/robot_ws/src/build/my_bot' returned '0': CMAKE_PREFIX_PATH=${CMAKE_PREFIX_PATH}:/opt/ros/rolling /usr/bin/cmake --build /home/karan/robot_ws/src/build/my_bot -- -j8 -l8
[0.350s] Invoking command in '/home/karan/robot_ws/src/build/my_bot': CMAKE_PREFIX_PATH=${CMAKE_PREFIX_PATH}:/opt/ros/rolling /usr/bin/cmake --install /home/karan/robot_ws/src/build/my_bot
[0.389s] -- Install configuration: ""
[0.391s] -- Execute custom install script
[0.403s] -- Up-to-date symlink: /home/karan/robot_ws/src/install/my_bot/share/my_bot/config/empty.yaml
[0.403s] -- Up-to-date symlink: /home/karan/robot_ws/src/install/my_bot/share/my_bot/description/inertial_macros.xacro
[0.404s] -- Up-to-date symlink: /home/karan/robot_ws/src/install/my_bot/share/my_bot/description/robot.urdf.xacro
[0.405s] -- Up-to-date symlink: /home/karan/robot_ws/src/install/my_bot/share/my_bot/description/robot_core.xacro
[0.406s] -- Up-to-date symlink: /home/karan/robot_ws/src/install/my_bot/share/my_bot/launch/launch_sim.launch.py
[0.406s] -- Up-to-date symlink: /home/karan/robot_ws/src/install/my_bot/share/my_bot/launch/rsp.launch.py
[0.406s] -- Up-to-date symlink: /home/karan/robot_ws/src/install/my_bot/share/my_bot/worlds/empty.world
[0.407s] -- Up-to-date symlink: /home/karan/robot_ws/src/install/my_bot/share/ament_index/resource_index/package_run_dependencies/my_bot
[0.407s] -- Up-to-date symlink: /home/karan/robot_ws/src/install/my_bot/share/ament_index/resource_index/parent_prefix_path/my_bot
[0.407s] -- Up-to-date symlink: /home/karan/robot_ws/src/install/my_bot/share/my_bot/environment/ament_prefix_path.sh
[0.408s] -- Up-to-date symlink: /home/karan/robot_ws/src/install/my_bot/share/my_bot/environment/ament_prefix_path.dsv
[0.408s] -- Up-to-date symlink: /home/karan/robot_ws/src/install/my_bot/share/my_bot/environment/path.sh
[0.409s] -- Up-to-date symlink: /home/karan/robot_ws/src/install/my_bot/share/my_bot/environment/path.dsv
[0.409s] -- Up-to-date symlink: /home/karan/robot_ws/src/install/my_bot/share/my_bot/local_setup.bash
[0.410s] -- Up-to-date symlink: /home/karan/robot_ws/src/install/my_bot/share/my_bot/local_setup.sh
[0.410s] -- Up-to-date symlink: /home/karan/robot_ws/src/install/my_bot/share/my_bot/local_setup.zsh
[0.410s] -- Up-to-date symlink: /home/karan/robot_ws/src/install/my_bot/share/my_bot/local_setup.dsv
[0.410s] -- Symlinking: /home/karan/robot_ws/src/install/my_bot/share/my_bot/package.dsv
[0.475s] -- Up-to-date symlink: /home/karan/robot_ws/src/install/my_bot/share/ament_index/resource_index/packages/my_bot
[0.476s] -- Up-to-date symlink: /home/karan/robot_ws/src/install/my_bot/share/my_bot/cmake/my_botConfig.cmake
[0.477s] -- Up-to-date symlink: /home/karan/robot_ws/src/install/my_bot/share/my_bot/cmake/my_botConfig-version.cmake
[0.477s] -- Up-to-date symlink: /home/karan/robot_ws/src/install/my_bot/share/my_bot/package.xml
[0.487s] Invoked command in '/home/karan/robot_ws/src/build/my_bot' returned '0': CMAKE_PREFIX_PATH=${CMAKE_PREFIX_PATH}:/opt/ros/rolling /usr/bin/cmake --install /home/karan/robot_ws/src/build/my_bot
