[0.062s] Invoking command in '/home/karan/robot_ws/src/build/my_bot': CMAKE_PREFIX_PATH=${CMAKE_PREFIX_PATH}:/opt/ros/jazzy /usr/bin/cmake /home/karan/robot_ws/src/my_bot -DCMAKE_INSTALL_PREFIX=/home/karan/robot_ws/src/install/my_bot
[0.241s] -- Found ament_cmake: 2.5.4 (/opt/ros/jazzy/share/ament_cmake/cmake)
[0.730s] -- Override CMake install command with custom implementation using symlinks instead of copying resources
[0.916s] -- Found ament_lint_auto: 0.17.3 (/opt/ros/jazzy/share/ament_lint_auto/cmake)
[1.231s] -- Added test 'copyright' to check source files copyright and LICENSE
[1.252s] -- Added test 'flake8' to check Python code syntax and style conventions
[1.253s] -- Configured 'flake8' exclude dirs and/or files: 
[1.255s] -- Added test 'lint_cmake' to check CMake code style
[1.257s] -- Added test 'pep257' to check Python code against some of the docstring style conventions in PEP 257
[1.267s] -- Added test 'xmllint' to check XML markup files
[1.273s] -- Configuring done (1.1s)
[1.292s] -- Generating done (0.0s)
[1.298s] -- Build files have been written to: /home/karan/robot_ws/src/build/my_bot
[1.310s] Invoked command in '/home/karan/robot_ws/src/build/my_bot' returned '0': CMAKE_PREFIX_PATH=${CMAKE_PREFIX_PATH}:/opt/ros/jazzy /usr/bin/cmake /home/karan/robot_ws/src/my_bot -DCMAKE_INSTALL_PREFIX=/home/karan/robot_ws/src/install/my_bot
[1.313s] Invoking command in '/home/karan/robot_ws/src/build/my_bot': CMAKE_PREFIX_PATH=${CMAKE_PREFIX_PATH}:/opt/ros/jazzy /usr/bin/cmake --build /home/karan/robot_ws/src/build/my_bot -- -j8 -l8
[1.417s] Invoked command in '/home/karan/robot_ws/src/build/my_bot' returned '0': CMAKE_PREFIX_PATH=${CMAKE_PREFIX_PATH}:/opt/ros/jazzy /usr/bin/cmake --build /home/karan/robot_ws/src/build/my_bot -- -j8 -l8
[1.445s] Invoking command in '/home/karan/robot_ws/src/build/my_bot': CMAKE_PREFIX_PATH=${CMAKE_PREFIX_PATH}:/opt/ros/jazzy /usr/bin/cmake --install /home/karan/robot_ws/src/build/my_bot
[1.466s] -- Install configuration: ""
[1.467s] -- Execute custom install script
[1.468s] -- Symlinking: /home/karan/robot_ws/src/install/my_bot/share/my_bot/config/controllers.yaml
[1.493s] -- Up-to-date symlink: /home/karan/robot_ws/src/install/my_bot/share/my_bot/config/empty.yaml
[1.494s] -- Up-to-date symlink: /home/karan/robot_ws/src/install/my_bot/share/my_bot/description/gazebo_control.xacro
[1.494s] -- Up-to-date symlink: /home/karan/robot_ws/src/install/my_bot/share/my_bot/description/inertial_macros.xacro
[1.494s] -- Up-to-date symlink: /home/karan/robot_ws/src/install/my_bot/share/my_bot/description/robot.urdf.xacro
[1.495s] -- Up-to-date symlink: /home/karan/robot_ws/src/install/my_bot/share/my_bot/description/robot_core.xacro
[1.495s] -- Up-to-date symlink: /home/karan/robot_ws/src/install/my_bot/share/my_bot/launch/launch_sim.launch.py
[1.495s] -- Up-to-date symlink: /home/karan/robot_ws/src/install/my_bot/share/my_bot/launch/rsp.launch.py
[1.496s] -- Up-to-date symlink: /home/karan/robot_ws/src/install/my_bot/share/my_bot/worlds/empty.world
[1.496s] -- Up-to-date symlink: /home/karan/robot_ws/src/install/my_bot/share/ament_index/resource_index/package_run_dependencies/my_bot
[1.497s] -- Up-to-date symlink: /home/karan/robot_ws/src/install/my_bot/share/ament_index/resource_index/parent_prefix_path/my_bot
[1.497s] -- Symlinking: /home/karan/robot_ws/src/install/my_bot/share/my_bot/environment/ament_prefix_path.sh
[1.525s] -- Up-to-date symlink: /home/karan/robot_ws/src/install/my_bot/share/my_bot/environment/ament_prefix_path.dsv
[1.525s] -- Symlinking: /home/karan/robot_ws/src/install/my_bot/share/my_bot/environment/path.sh
[1.551s] -- Up-to-date symlink: /home/karan/robot_ws/src/install/my_bot/share/my_bot/environment/path.dsv
[1.551s] -- Up-to-date symlink: /home/karan/robot_ws/src/install/my_bot/share/my_bot/local_setup.bash
[1.552s] -- Up-to-date symlink: /home/karan/robot_ws/src/install/my_bot/share/my_bot/local_setup.sh
[1.552s] -- Up-to-date symlink: /home/karan/robot_ws/src/install/my_bot/share/my_bot/local_setup.zsh
[1.553s] -- Up-to-date symlink: /home/karan/robot_ws/src/install/my_bot/share/my_bot/local_setup.dsv
[1.554s] -- Symlinking: /home/karan/robot_ws/src/install/my_bot/share/my_bot/package.dsv
[1.580s] -- Up-to-date symlink: /home/karan/robot_ws/src/install/my_bot/share/ament_index/resource_index/packages/my_bot
[1.581s] -- Up-to-date symlink: /home/karan/robot_ws/src/install/my_bot/share/my_bot/cmake/my_botConfig.cmake
[1.581s] -- Up-to-date symlink: /home/karan/robot_ws/src/install/my_bot/share/my_bot/cmake/my_botConfig-version.cmake
[1.581s] -- Up-to-date symlink: /home/karan/robot_ws/src/install/my_bot/share/my_bot/package.xml
[1.587s] Invoked command in '/home/karan/robot_ws/src/build/my_bot' returned '0': CMAKE_PREFIX_PATH=${CMAKE_PREFIX_PATH}:/opt/ros/jazzy /usr/bin/cmake --install /home/karan/robot_ws/src/build/my_bot
